<?xml version="1.0" encoding="UTF-8"?>
<!-- Generated by org.testng.reporters.JUnitXMLReporter -->
<testsuite ignored="0" hostname="DESKTOP-5EFGKH9" failures="0" tests="3" name="Default test" time="0.045" errors="0" timestamp="2024-08-01T15:21:25 IST">
  <testcase classname="runner.AnnotationsDifferent" name="testCase2" time="0.007"/>
  <testcase classname="runner.AnnotationsDifferent" name="testcase4" time="0.001"/>
  <testcase classname="runner.AnnotationsDifferent" name="testcase3" time="0.001"/>
</testsuite> <!-- Default test -->
