<?xml version="1.0" encoding="UTF-8"?>
<!-- Generated by org.testng.reporters.JUnitXMLReporter -->
<testsuite ignored="10" hostname="DESKTOP-5EFGKH9" failures="0" tests="4" name="Test" time="0.069" errors="0" timestamp="2024-07-10T18:13:20 IST">
  <testcase classname="runner.Annotations" name="smokeTest1" time="0.009"/>
  <testcase classname="runner.Annotations" name="smokeTest2" time="0.001"/>
  <testcase classname="runner.AnnotationsWithSuite" name="smokeTest3" time="0.001"/>
  <testcase classname="runner.AnnotationsWithSuite" name="smokeTest4" time="0.001"/>
  <testcase classname="runner.Annotations" name="second" time="0.0">
    <ignored/>
  </testcase> <!-- second -->
  <testcase classname="runner.Annotations" name="first" time="0.0">
    <ignored/>
  </testcase> <!-- first -->
  <testcase classname="runner.Annotations" name="multiply" time="0.0">
    <ignored/>
  </testcase> <!-- multiply -->
  <testcase classname="runner.Annotations" name="check" time="0.0">
    <ignored/>
  </testcase> <!-- check -->
  <testcase classname="runner.Annotations" name="xyz" time="0.0">
    <ignored/>
  </testcase> <!-- xyz -->
  <testcase classname="runner.Annotations" name="subtraction" time="0.0">
    <ignored/>
  </testcase> <!-- subtraction -->
  <testcase classname="runner.Annotations" name="last" time="0.0">
    <ignored/>
  </testcase> <!-- last -->
  <testcase classname="runner.Annotations" name="abc" time="0.0">
    <ignored/>
  </testcase> <!-- abc -->
  <testcase classname="runner.Annotations" name="add" time="0.0">
    <ignored/>
  </testcase> <!-- add -->
  <testcase classname="runner.Annotations" name="division" time="0.0">
    <ignored/>
  </testcase> <!-- division -->
</testsuite> <!-- Test -->
