<?xml version="1.0" encoding="UTF-8"?>
<testng-results ignored="0" total="3" passed="3" failed="0" skipped="0">
  <reporter-output>
  </reporter-output>
  <suite started-at="2024-08-01T15:21:24 IST" name="Default suite" finished-at="2024-08-01T15:21:24 IST" duration-ms="45">
    <groups>
    </groups>
    <test started-at="2024-08-01T15:21:24 IST" name="Default test" finished-at="2024-08-01T15:21:24 IST" duration-ms="45">
      <class name="runner.AnnotationsDifferent">
        <test-method signature="testCase2()[pri:0, instance:runner.AnnotationsDifferent@5824a83d]" started-at="2024-08-01T15:21:24 IST" name="testCase2" finished-at="2024-08-01T15:21:24 IST" duration-ms="7" status="PASS">
          <reporter-output>
          </reporter-output>
        </test-method> <!-- testCase2 -->
        <test-method signature="testcase4()[pri:0, instance:runner.AnnotationsDifferent@5824a83d]" started-at="2024-08-01T15:21:24 IST" name="testcase4" finished-at="2024-08-01T15:21:24 IST" duration-ms="1" status="PASS">
          <reporter-output>
          </reporter-output>
        </test-method> <!-- testcase4 -->
        <test-method signature="testcase3()[pri:0, instance:runner.AnnotationsDifferent@5824a83d]" started-at="2024-08-01T15:21:24 IST" name="testcase3" finished-at="2024-08-01T15:21:24 IST" depends-on-methods="runner.AnnotationsDifferent.testCase2" duration-ms="1" status="PASS">
          <reporter-output>
          </reporter-output>
        </test-method> <!-- testcase3 -->
      </class> <!-- runner.AnnotationsDifferent -->
    </test> <!-- Default test -->
  </suite> <!-- Default suite -->
</testng-results>
